<?xml version="1.0" encoding="UTF-8"?>
<!-- Generated by org.testng.reporters.JUnitReportReporter -->
<testsuite skipped="1" hostname="Paul" name="test.testCases.SearchTest" tests="3" failures="0" timestamp="12 Nov 2018 05:36:38 GMT" time="13.066" errors="0">
  <testcase name="testApplyFilter" time="10.998" classname="test.testCases.SearchTest"/>
  <testcase name="testVerifyRegistrationYear" time="2.068" classname="test.testCases.SearchTest"/>
  <testcase name="testVerifyOPriceOrder" classname="test.testCases.SearchTest">
    <skipped/>
  </testcase> <!-- testVerifyOPriceOrder -->
</testsuite> <!-- test.testCases.SearchTest -->
