<?xml version="1.0" encoding="UTF-8"?>
<!-- Generated by org.testng.reporters.JUnitReportReporter -->
<testsuite skipped="0" hostname="Paul" name="autoHero.testCases.SearchTest" tests="2" failures="0" timestamp="12 Nov 2018 18:37:27 GMT" time="46.387" errors="0">
  <testcase name="testVerifyRegistrationYear" time="0.751" classname="autoHero.testCases.SearchTest"/>
  <testcase name="testVerifyOPriceOrder" time="45.636" classname="autoHero.testCases.SearchTest"/>
</testsuite> <!-- autoHero.testCases.SearchTest -->
